<?xml version="1.0" encoding="UTF-8"?>
<!-- Generated by org.testng.reporters.JUnitReportReporter -->
<testsuite hostname="asus" failures="0" tests="3" name="com.mockmart.tests.UBNS_TC2026_Mockmart_LoginTest" time="29.080" errors="0" timestamp="2025-09-14T07:03:12 IST" skipped="0">
  <testcase classname="com.mockmart.tests.UBNS_TC2026_Mockmart_LoginTest" name="tC0002_validateLoginWithValidCreds" time="9.690"/>
  <system-out/>
  <testcase classname="com.mockmart.tests.UBNS_TC2026_Mockmart_LoginTest" name="tC0001_E2E" time="9.448"/>
  <system-out/>
  <testcase classname="com.mockmart.tests.UBNS_TC2026_Mockmart_LoginTest" name="tC0003_validateLoginWithInValidCreds" time="9.942"/>
  <system-out/>
</testsuite> <!-- com.mockmart.tests.UBNS_TC2026_Mockmart_LoginTest -->
