<?xml version="1.0" encoding="UTF-8"?>
<!-- Generated by org.testng.reporters.JUnitReportReporter -->
<testsuite hostname="asus" failures="0" tests="3" name="com.mockmart.tests.UBNS_TC2026_Mockmart_LoginTest" time="20.367" errors="0" timestamp="2025-09-14T07:48:15 IST" skipped="0">
  <testcase classname="com.mockmart.tests.UBNS_TC2026_Mockmart_LoginTest" name="tC0002_validateLoginWithValidCreds" time="7.538"/>
  <testcase classname="com.mockmart.tests.UBNS_TC2026_Mockmart_LoginTest" name="tC0001_E2E" time="7.169"/>
  <testcase classname="com.mockmart.tests.UBNS_TC2026_Mockmart_LoginTest" name="tC0003_validateLoginWithInValidCreds" time="5.660"/>
</testsuite> <!-- com.mockmart.tests.UBNS_TC2026_Mockmart_LoginTest -->
