<?xml version="1.0" encoding="UTF-8"?>
<!-- Generated by org.testng.reporters.JUnitReportReporter -->
<testsuite hostname="asus" failures="0" tests="3" name="com.mockmart.tests.UBNS_TC2026_Mockmart_LoginTest" time="45.843" errors="0" timestamp="2025-09-15T22:10:52 IST" skipped="0">
  <testcase classname="com.mockmart.tests.UBNS_TC2026_Mockmart_LoginTest" name="tC0002_validateLoginWithValidCreds" time="17.515"/>
  <testcase classname="com.mockmart.tests.UBNS_TC2026_Mockmart_LoginTest" name="tC0001_E2E" time="12.414"/>
  <testcase classname="com.mockmart.tests.UBNS_TC2026_Mockmart_LoginTest" name="tC0003_validateLoginWithInValidCreds" time="15.914"/>
</testsuite> <!-- com.mockmart.tests.UBNS_TC2026_Mockmart_LoginTest -->
